<?xml version="1.0" encoding="UTF-8"?>
<testng-results skipped="0" failed="0" ignored="0" total="5" passed="5">
  <reporter-output>
  </reporter-output>
  <suite name="Suite" duration-ms="5878" started-at="2019-01-29T02:25:01Z" finished-at="2019-01-29T02:25:06Z">
    <groups>
    </groups>
    <test name="Test" duration-ms="5878" started-at="2019-01-29T02:25:01Z" finished-at="2019-01-29T02:25:06Z">
      <class name="restAPI.BooksAPI">
        <test-method status="PASS" signature="responseCompare()[pri:0, instance:restAPI.BooksAPI@7ff95560]" name="responseCompare" duration-ms="1697" started-at="2019-01-28T21:25:01Z" finished-at="2019-01-28T21:25:02Z">
          <reporter-output>
          </reporter-output>
        </test-method> <!-- responseCompare -->
      </class> <!-- restAPI.BooksAPI -->
      <class name="restAPI.ThomasBayerCustomerValidityCheck">
        <test-method status="PASS" signature="IDCheck()[pri:0, instance:restAPI.ThomasBayerCustomerValidityCheck@4b44655e]" name="IDCheck" duration-ms="488" started-at="2019-01-28T21:25:05Z" finished-at="2019-01-28T21:25:06Z">
          <reporter-output>
          </reporter-output>
        </test-method> <!-- IDCheck -->
        <test-method status="PASS" signature="customerDetailsCheck()[pri:0, instance:restAPI.ThomasBayerCustomerValidityCheck@4b44655e]" name="customerDetailsCheck" duration-ms="839" started-at="2019-01-28T21:25:06Z" finished-at="2019-01-28T21:25:06Z">
          <reporter-output>
          </reporter-output>
        </test-method> <!-- customerDetailsCheck -->
      </class> <!-- restAPI.ThomasBayerCustomerValidityCheck -->
      <class name="restAPI.RestAPI">
        <test-method status="PASS" signature="getData()[pri:0, instance:restAPI.RestAPI@7ea37dbf]" name="getData" duration-ms="1652" started-at="2019-01-28T21:25:02Z" finished-at="2019-01-28T21:25:04Z">
          <reporter-output>
          </reporter-output>
        </test-method> <!-- getData -->
        <test-method status="PASS" signature="testResponseCode()[pri:0, instance:restAPI.RestAPI@7ea37dbf]" name="testResponseCode" duration-ms="1169" started-at="2019-01-28T21:25:04Z" finished-at="2019-01-28T21:25:05Z">
          <reporter-output>
          </reporter-output>
        </test-method> <!-- testResponseCode -->
      </class> <!-- restAPI.RestAPI -->
    </test> <!-- Test -->
  </suite> <!-- Suite -->
</testng-results>
