<?xml version="1.0" encoding="UTF-8"?>
<!-- Generated by org.testng.reporters.JUnitXMLReporter -->
<testsuite hostname="DESKTOP-8MPHSFA" ignored="0" name="Test" tests="5" failures="0" timestamp="29 Jan 2019 02:25:06 GMT" time="5.878" errors="0">
  <testcase name="responseCompare" time="1.697" classname="restAPI.BooksAPI"/>
  <testcase name="getData" time="1.652" classname="restAPI.RestAPI"/>
  <testcase name="testResponseCode" time="1.169" classname="restAPI.RestAPI"/>
  <testcase name="IDCheck" time="0.488" classname="restAPI.ThomasBayerCustomerValidityCheck"/>
  <testcase name="customerDetailsCheck" time="0.839" classname="restAPI.ThomasBayerCustomerValidityCheck"/>
</testsuite> <!-- Test -->
